<?xml version="1.0" encoding="UTF-8" ?>
<testsuite errors="0" failures="0" hostname="MacBook-Pro-de-David.local" name="validis.reports.UserSpec" tests="3" time="0.087" timestamp="2014-05-12T04:54:22">
  <properties />
  <testcase classname="validis.reports.UserSpec" name="null required fields shouldn&apos;t validate" time="0.043" />
  <testcase classname="validis.reports.UserSpec" name="blank required fields shouldn&apos;t validate" time="0.02" />
  <testcase classname="validis.reports.UserSpec" name="returns the list of reports name converted according to the user&apos;s locale" time="0.021" />
  <system-out><![CDATA[--Output from null required fields shouldn't validate--
--Output from blank required fields shouldn't validate--
--Output from returns the list of reports name converted according to the user's locale--
]]></system-out>
  <system-err><![CDATA[--Output from null required fields shouldn't validate--
--Output from blank required fields shouldn't validate--
--Output from returns the list of reports name converted according to the user's locale--
]]></system-err>
</testsuite>
