<?xml version="1.0" encoding="UTF-8" ?>
<testsuite errors="0" failures="0" hostname="MacBook-Pro-de-David.local" name="validis.reports.ReportIntegrationSpec" tests="3" time="0.283" timestamp="2014-05-12T04:54:30">
  <properties />
  <testcase classname="validis.reports.ReportIntegrationSpec" name="returns report name for a user with UK locale" time="0.172" />
  <testcase classname="validis.reports.ReportIntegrationSpec" name="returns report name for a user with FRANCE locale" time="0.049" />
  <testcase classname="validis.reports.ReportIntegrationSpec" name="removes a report" time="0.044" />
  <system-out><![CDATA[--Output from returns report name for a user with UK locale--
--Output from returns report name for a user with FRANCE locale--
--Output from removes a report--
]]></system-out>
  <system-err><![CDATA[--Output from returns report name for a user with UK locale--
--Output from returns report name for a user with FRANCE locale--
--Output from removes a report--
]]></system-err>
</testsuite>
