<?xml version="1.0" encoding="UTF-8" ?>
<testsuite errors="0" failures="0" hostname="MacBook-Pro-de-David.local" name="validis.reports.ReportBaseSpec" tests="10" time="1.033" timestamp="2014-05-12T04:54:16">
  <properties />
  <testcase classname="validis.reports.ReportBaseSpec" name="equals to null returns false" time="0.687" />
  <testcase classname="validis.reports.ReportBaseSpec" name="equals is reflexive" time="0.041" />
  <testcase classname="validis.reports.ReportBaseSpec" name="equals is transitive" time="0.042" />
  <testcase classname="validis.reports.ReportBaseSpec" name="equals is symmetric" time="0.034" />
  <testcase classname="validis.reports.ReportBaseSpec" name="hashCode of two equal objects is equal" time="0.037" />
  <testcase classname="validis.reports.ReportBaseSpec" name="equals is consistent" time="0.031" />
  <testcase classname="validis.reports.ReportBaseSpec" name="hashCode is consistent" time="0.036" />
  <testcase classname="validis.reports.ReportBaseSpec" name="equals to incompatible type returns false" time="0.032" />
  <testcase classname="validis.reports.ReportBaseSpec" name="equals and hashCode use id=2" time="0.034" />
  <testcase classname="validis.reports.ReportBaseSpec" name="equals and hashCode ignore dd2060d0-a28d-11e0-8264-0800200c9a66=null" time="0.031" />
  <system-out><![CDATA[--Output from equals to null returns false--
--Output from equals is reflexive--
--Output from equals is transitive--
--Output from equals is symmetric--
--Output from hashCode of two equal objects is equal--
--Output from equals is consistent--
--Output from hashCode is consistent--
--Output from equals to incompatible type returns false--
--Output from equals and hashCode use id=2--
--Output from equals and hashCode ignore dd2060d0-a28d-11e0-8264-0800200c9a66=null--
]]></system-out>
  <system-err><![CDATA[--Output from equals to null returns false--
--Output from equals is reflexive--
--Output from equals is transitive--
--Output from equals is symmetric--
--Output from hashCode of two equal objects is equal--
--Output from equals is consistent--
--Output from hashCode is consistent--
--Output from equals to incompatible type returns false--
--Output from equals and hashCode use id=2--
--Output from equals and hashCode ignore dd2060d0-a28d-11e0-8264-0800200c9a66=null--
]]></system-err>
</testsuite>
