<?xml version="1.0" encoding="UTF-8" ?>
<testsuite errors="0" failures="0" hostname="MacBook-Pro-de-David.local" name="validis.reports.ReportNameConverterSpec" tests="3" time="0.309" timestamp="2014-05-12T04:54:20">
  <properties />
  <testcase classname="validis.reports.ReportNameConverterSpec" name="converts a report name based on a specific locale[0]" time="0.055" />
  <testcase classname="validis.reports.ReportNameConverterSpec" name="converts a report name based on a specific locale[1]" time="0.063" />
  <testcase classname="validis.reports.ReportNameConverterSpec" name="converts a report name based on a specific locale[2]" time="0.0" />
  <system-out><![CDATA[--Output from converts a report name based on a specific locale[0]--
--Output from converts a report name based on a specific locale[1]--
--Output from converts a report name based on a specific locale[2]--
]]></system-out>
  <system-err><![CDATA[--Output from converts a report name based on a specific locale[0]--
--Output from converts a report name based on a specific locale[1]--
--Output from converts a report name based on a specific locale[2]--
]]></system-err>
</testsuite>
