<?xml version="1.0" encoding="UTF-8" ?>
<testsuite errors="0" failures="0" hostname="MacBook-Pro-de-David.local" name="validis.reports.UserBaseSpec" tests="11" time="0.657" timestamp="2014-05-12T04:54:20">
  <properties />
  <testcase classname="validis.reports.UserBaseSpec" name="equals to null returns false" time="0.05" />
  <testcase classname="validis.reports.UserBaseSpec" name="equals is reflexive" time="0.022" />
  <testcase classname="validis.reports.UserBaseSpec" name="equals is transitive" time="0.021" />
  <testcase classname="validis.reports.UserBaseSpec" name="equals is symmetric" time="0.021" />
  <testcase classname="validis.reports.UserBaseSpec" name="hashCode of two equal objects is equal" time="0.019" />
  <testcase classname="validis.reports.UserBaseSpec" name="equals is consistent" time="0.026" />
  <testcase classname="validis.reports.UserBaseSpec" name="hashCode is consistent" time="0.019" />
  <testcase classname="validis.reports.UserBaseSpec" name="equals to incompatible type returns false" time="0.019" />
  <testcase classname="validis.reports.UserBaseSpec" name="equals and hashCode use name=Alex" time="0.021" />
  <testcase classname="validis.reports.UserBaseSpec" name="equals and hashCode use locale=en_US" time="0.021" />
  <testcase classname="validis.reports.UserBaseSpec" name="equals and hashCode ignore dd2060d0-a28d-11e0-8264-0800200c9a66=null" time="0.02" />
  <system-out><![CDATA[--Output from equals to null returns false--
--Output from equals is reflexive--
--Output from equals is transitive--
--Output from equals is symmetric--
--Output from hashCode of two equal objects is equal--
--Output from equals is consistent--
--Output from hashCode is consistent--
--Output from equals to incompatible type returns false--
--Output from equals and hashCode use name=Alex--
--Output from equals and hashCode use locale=en_US--
--Output from equals and hashCode ignore dd2060d0-a28d-11e0-8264-0800200c9a66=null--
]]></system-out>
  <system-err><![CDATA[--Output from equals to null returns false--
--Output from equals is reflexive--
--Output from equals is transitive--
--Output from equals is symmetric--
--Output from hashCode of two equal objects is equal--
--Output from equals is consistent--
--Output from hashCode is consistent--
--Output from equals to incompatible type returns false--
--Output from equals and hashCode use name=Alex--
--Output from equals and hashCode use locale=en_US--
--Output from equals and hashCode ignore dd2060d0-a28d-11e0-8264-0800200c9a66=null--
]]></system-err>
</testsuite>
